jun9358-usum-e17665e9a4c0/app/manifest-merger-release-report.txt
-- Merging decision tree log ---
manifest
ADDED from AndroidManifest.xml:2:1
	xmlns:android
		ADDED from AndroidManifest.xml:2:11
	package
		ADDED from AndroidManifest.xml:3:5
		INJECTED from AndroidManifest.xml:0:0
		INJECTED from AndroidManifest.xml:0:0
	android:versionName
		INJECTED from AndroidManifest.xml:0:0
		INJECTED from AndroidManifest.xml:0:0
	android:versionCode
		INJECTED from AndroidManifest.xml:0:0
		INJECTED from AndroidManifest.xml:0:0
permission#com.ironfactory.donation.permission.C2D_MESSAGE
ADDED from AndroidManifest.xml:5:5
	android:protectionLevel
		ADDED from AndroidManifest.xml:7:9
	android:name
		ADDED from AndroidManifest.xml:6:9
uses-permission#com.songjin.usum.permission.C2D_MESSAGE
ADDED from AndroidManifest.xml:9:5
	android:name
		ADDED from AndroidManifest.xml:9:22
uses-permission#com.google.android.c2dm.permission.RECEIVE
ADDED from AndroidManifest.xml:10:5
	android:name
		ADDED from AndroidManifest.xml:10:22
uses-permission#android.permission.GET_ACCOUNTS
ADDED from AndroidManifest.xml:11:5
	android:name
		ADDED from AndroidManifest.xml:11:22
uses-permission#android.permission.WAKE_LOCK
ADDED from AndroidManifest.xml:12:5
	android:name
		ADDED from AndroidManifest.xml:12:22
uses-permission#android.permission.USE_CREDENTIALS
ADDED from AndroidManifest.xml:13:5
	android:name
		ADDED from AndroidManifest.xml:13:22
uses-permission#android.permission.INTERNET
ADDED from AndroidManifest.xml:14:5
	android:name
		ADDED from AndroidManifest.xml:14:22
uses-permission#android.permission.ACCESS_NETWORK_STATE
ADDED from AndroidManifest.xml:15:5
	android:name
		ADDED from AndroidManifest.xml:15:22
uses-permission#android.permission.CAMERA
ADDED from AndroidManifest.xml:16:5
	android:name
		ADDED from AndroidManifest.xml:16:22
uses-permission#android.permission.WRITE_EXTERNAL_STORAGE
ADDED from AndroidManifest.xml:17:5
	android:name
		ADDED from AndroidManifest.xml:17:22
uses-permission#android.permission.RECEIVE_BOOT_COMPLETED
ADDED from AndroidManifest.xml:18:5
	android:name
		ADDED from AndroidManifest.xml:18:22
uses-permission#com.android.vending.BILLING
ADDED from AndroidManifest.xml:19:5
	android:name
		ADDED from AndroidManifest.xml:19:22
uses-feature#android.hardware.camera
ADDED from AndroidManifest.xml:21:5
	android:name
		ADDED from AndroidManifest.xml:21:19
uses-feature#android.hardware.camera.autofocus
ADDED from AndroidManifest.xml:22:5
	android:name
		ADDED from AndroidManifest.xml:22:19
application
ADDED from AndroidManifest.xml:24:5
MERGED from com.android.support:appcompat-v7:23.0.1:22:5
MERGED from com.android.support:support-v4:23.0.1:22:5
MERGED from com.android.support:cardview-v7:23.0.1:22:5
MERGED from com.android.support:support-v4:23.0.1:22:5
MERGED from com.melnykov:floatingactionbutton:1.1.0:12:5
MERGED from com.android.support:support-v4:23.0.1:22:5
MERGED from com.github.castorflex.smoothprogressbar:library-circular:1.0.2:12:5
MERGED from com.android.support:appcompat-v7:23.0.1:22:5
MERGED from com.android.support:support-v4:23.0.1:22:5
MERGED from com.github.itsmechlark:android-sliding-layer-lib:1.0.1:20:5
MERGED from com.android.support:support-v4:23.0.1:22:5
MERGED from com.github.bmelnychuk:atv:1.2.4:11:5
MERGED from com.android.support:appcompat-v7:23.0.1:22:5
MERGED from com.android.support:support-v4:23.0.1:22:5
MERGED from com.github.johnkil.print:print:1.2.2:12:5
MERGED from net.the4thdimension:poly-picker:1.0.11:11:5
MERGED from com.android.support:support-v13:21.0.0:16:5
MERGED from com.android.support:support-v4:23.0.1:22:5
MERGED from com.commonsware.cwac:camera:0.6.10:11:5
MERGED from com.scottyab:secure-preferences-lib:0.0.4:26:5
MERGED from com.malinskiy:superrecyclerview:1.1.0:12:5
MERGED from com.android.support:support-v4:23.0.1:22:5
MERGED from com.github.chrisbanes.photoview:library:1.2.3:4:5
MERGED from com.android.support:support-v4:23.0.1:22:5
MERGED from com.afollestad:material-dialogs:0.7.9.1:12:5
MERGED from com.android.support:support-v4:23.0.1:22:5
MERGED from com.android.support:appcompat-v7:23.0.1:22:5
MERGED from com.android.support:support-v4:23.0.1:22:5
MERGED from com.android.support:support-v4:23.0.1:22:5
MERGED from com.kakao.sdk:usermgmt:1.0.46:7:5
MERGED from com.kakao.sdk:login:1.0.46:7:5
MERGED from com.kakao.sdk:util:1.0.46:7:5
MERGED from com.kakao.sdk:kakaotalk:1.0.46:7:5
MERGED from com.kakao.sdk:login:1.0.46:7:5
MERGED from com.kakao.sdk:util:1.0.46:7:5
MERGED from com.kakao.sdk:push:1.0.46:7:5
MERGED from com.kakao.sdk:login:1.0.46:7:5
MERGED from com.kakao.sdk:util:1.0.46:7:5
	android:label
		ADDED from AndroidManifest.xml:28:9
	android:allowBackup
		ADDED from AndroidManifest.xml:26:9
	android:icon
		ADDED from AndroidManifest.xml:27:9
	android:hardwareAccelerated
		ADDED from com.github.chrisbanes.photoview:library:1.2.3:4:45
	android:theme
		ADDED from AndroidManifest.xml:30:9
	android:largeHeap
		ADDED from AndroidManifest.xml:29:9
	android:name
		ADDED from AndroidManifest.xml:25:9
receiver#com.ironfactory.donation.reservation.ReservationPushBroadcastReceiver
ADDED from AndroidManifest.xml:47:9
	android:name
		ADDED from AndroidManifest.xml:47:19
intent-filter#android.intent.action.BOOT_COMPLETED
ADDED from AndroidManifest.xml:48:13
action#android.intent.action.BOOT_COMPLETED
ADDED from AndroidManifest.xml:49:17
	android:name
		ADDED from AndroidManifest.xml:49:25
service#com.ironfactory.donation.reservation.ReservationPushService
ADDED from AndroidManifest.xml:53:9
	android:name
		ADDED from AndroidManifest.xml:53:18
receiver#com.ironfactory.donation.reservation.SchoolRankingPushBroadcastReceiver
ADDED from AndroidManifest.xml:55:9
	android:name
		ADDED from AndroidManifest.xml:55:19
service#com.ironfactory.donation.reservation.SchoolRankingPushService
ADDED from AndroidManifest.xml:61:9
	android:name
		ADDED from AndroidManifest.xml:61:18
activity#com.kakao.LoginActivity
ADDED from AndroidManifest.xml:64:9
	android:configChanges
		ADDED from AndroidManifest.xml:66:13
	android:name
		ADDED from AndroidManifest.xml:65:13
meta-data#com.kakao.sdk.AppKey
ADDED from AndroidManifest.xml:68:9
	android:name
		ADDED from AndroidManifest.xml:69:13
	android:value
		ADDED from AndroidManifest.xml:70:13
activity#com.ironfactory.donation.controllers.activities.LoginActivity
ADDED from AndroidManifest.xml:73:9
	android:label
		ADDED from AndroidManifest.xml:75:13
	android:name
		ADDED from AndroidManifest.xml:74:13
intent-filter#android.intent.action.MAIN+android.intent.category.LAUNCHER
ADDED from AndroidManifest.xml:76:13
action#android.intent.action.MAIN
ADDED from AndroidManifest.xml:77:17
	android:name
		ADDED from AndroidManifest.xml:77:25
category#android.intent.category.LAUNCHER
ADDED from AndroidManifest.xml:79:17
	android:name
		ADDED from AndroidManifest.xml:79:27
activity#com.ironfactory.donation.controllers.activities.SignUpActivity
ADDED from AndroidManifest.xml:82:9
	android:theme
		ADDED from AndroidManifest.xml:84:13
	android:name
		ADDED from AndroidManifest.xml:83:13
activity#com.ironfactory.donation.controllers.activities.MainActivity
ADDED from AndroidManifest.xml:85:9
	android:name
		ADDED from AndroidManifest.xml:85:19
activity#com.ironfactory.donation.controllers.activities.TimelineDetailActivity
ADDED from AndroidManifest.xml:86:9
	android:name
		ADDED from AndroidManifest.xml:86:19
activity#com.ironfactory.donation.controllers.activities.TimelineWriteActivity
ADDED from AndroidManifest.xml:87:9
	android:name
		ADDED from AndroidManifest.xml:87:19
activity#nl.changer.polypicker.ImagePickerActivity
ADDED from AndroidManifest.xml:88:9
	android:theme
		ADDED from AndroidManifest.xml:90:13
	android:name
		ADDED from AndroidManifest.xml:89:13
activity#com.ironfactory.donation.controllers.activities.TimelineActivity
ADDED from AndroidManifest.xml:91:9
	android:name
		ADDED from AndroidManifest.xml:91:19
activity#com.ironfactory.donation.controllers.activities.AddProductsActivity
ADDED from AndroidManifest.xml:92:9
	android:label
		ADDED from AndroidManifest.xml:94:13
	android:name
		ADDED from AndroidManifest.xml:93:13
activity#com.ironfactory.donation.controllers.activities.ProductDetailActivity
ADDED from AndroidManifest.xml:95:9
	android:label
		ADDED from AndroidManifest.xml:97:13
	android:name
		ADDED from AndroidManifest.xml:96:13
activity#com.ironfactory.donation.controllers.activities.EditProfileActivity
ADDED from AndroidManifest.xml:98:9
	android:label
		ADDED from AndroidManifest.xml:100:13
	android:name
		ADDED from AndroidManifest.xml:99:13
activity#com.ironfactory.donation.controllers.activities.PhotoViewActivity
ADDED from AndroidManifest.xml:101:9
	android:label
		ADDED from AndroidManifest.xml:103:13
	android:theme
		ADDED from AndroidManifest.xml:104:13
	android:name
		ADDED from AndroidManifest.xml:102:13
activity#com.ironfactory.donation.controllers.activities.SupportActivity
ADDED from AndroidManifest.xml:105:9
	android:label
		ADDED from AndroidManifest.xml:107:13
	android:name
		ADDED from AndroidManifest.xml:106:13
activity#com.ironfactory.donation.controllers.activities.FaqActivity
ADDED from AndroidManifest.xml:109:9
	android:label
		ADDED from AndroidManifest.xml:111:13
	android:name
		ADDED from AndroidManifest.xml:110:13
activity#com.ironfactory.donation.controllers.activities.SupportCompletedActivity
ADDED from AndroidManifest.xml:113:9
	android:label
		ADDED from AndroidManifest.xml:115:13
	android:name
		ADDED from AndroidManifest.xml:114:13
activity#com.ironfactory.donation.controllers.activities.AlarmActivity
ADDED from AndroidManifest.xml:117:9
	android:label
		ADDED from AndroidManifest.xml:119:13
	android:name
		ADDED from AndroidManifest.xml:118:13
service#com.ironfactory.donation.socketIo.SocketService
ADDED from AndroidManifest.xml:122:9
	android:exported
		ADDED from AndroidManifest.xml:125:13
	android:enabled
		ADDED from AndroidManifest.xml:124:13
	android:name
		ADDED from AndroidManifest.xml:123:13
uses-sdk
INJECTED from AndroidManifest.xml:0:0 reason: use-sdk injection requested
MERGED from com.android.support:multidex:1.0.0:18:5
MERGED from com.android.support:appcompat-v7:23.0.1:20:5
MERGED from com.android.support:support-v4:23.0.1:20:5
MERGED from com.android.support:cardview-v7:23.0.1:20:5
MERGED from com.android.support:recyclerview-v7:23.0.1:20:5
MERGED from com.android.support:support-v4:23.0.1:20:5
MERGED from com.melnykov:floatingactionbutton:1.1.0:8:5
MERGED from com.android.support:recyclerview-v7:23.0.1:20:5
MERGED from com.android.support:support-v4:23.0.1:20:5
MERGED from com.github.castorflex.smoothprogressbar:library-circular:1.0.2:8:5
MERGED from com.daimajia.numberprogressbar:library:1.2:7:5
MERGED from com.android.support:appcompat-v7:23.0.1:20:5
MERGED from com.android.support:support-v4:23.0.1:20:5
MERGED from com.github.itsmechlark:android-sliding-layer-lib:1.0.1:19:5
MERGED from com.android.support:support-v4:23.0.1:20:5
MERGED from com.github.bmelnychuk:atv:1.2.4:7:5
MERGED from com.android.support:appcompat-v7:23.0.1:20:5
MERGED from com.android.support:support-v4:23.0.1:20:5
MERGED from com.github.johnkil.print:print:1.2.2:8:5
MERGED from net.the4thdimension:poly-picker:1.0.11:7:5
MERGED from com.android.support:support-v13:21.0.0:15:5
MERGED from com.android.support:support-v4:23.0.1:20:5
MERGED from com.commonsware.cwac:camera:0.6.10:7:5
MERGED from com.scottyab:secure-preferences-lib:0.0.4:22:5
MERGED from com.malinskiy:superrecyclerview:1.1.0:8:5
MERGED from com.android.support:recyclerview-v7:23.0.1:20:5
MERGED from com.android.support:support-v4:23.0.1:20:5
MERGED from com.github.chrisbanes.photoview:library:1.2.3:2:5
MERGED from com.android.support:support-v4:23.0.1:20:5
MERGED from com.afollestad:material-dialogs:0.7.9.1:8:5
MERGED from com.android.support:support-v4:23.0.1:20:5
MERGED from com.android.support:appcompat-v7:23.0.1:20:5
MERGED from com.android.support:support-v4:23.0.1:20:5
MERGED from com.android.support:recyclerview-v7:23.0.1:20:5
MERGED from com.android.support:support-v4:23.0.1:20:5
MERGED from com.kakao.sdk:usermgmt:1.0.46:5:5
MERGED from com.kakao.sdk:login:1.0.46:5:5
MERGED from com.kakao.sdk:util:1.0.46:5:5
MERGED from com.kakao.sdk:kakaotalk:1.0.46:5:5
MERGED from com.kakao.sdk:login:1.0.46:5:5
MERGED from com.kakao.sdk:util:1.0.46:5:5
MERGED from com.kakao.sdk:push:1.0.46:5:5
MERGED from com.kakao.sdk:login:1.0.46:5:5
MERGED from com.kakao.sdk:util:1.0.46:5:5
MERGED from com.google.android.gms:play-services:4.2.42:7:5
	android:targetSdkVersion
		INJECTED from AndroidManifest.xml:0:0
		INJECTED from AndroidManifest.xml:0:0
	android:minSdkVersion
		INJECTED from AndroidManifest.xml:0:0
		INJECTED from AndroidManifest.xml:0:0